2022-02-21 09:21:53,059 INFO org.springframework.boot.StartupInfoLogger [main] Starting MyshopApplication using Java 15.0.2 on DESKTOP-GKLF5OQ with PID 13888 (C:\Users\usuario\Documents\NetBeansProjects\PruebaApiSwagger\target\classes started by usuario in C:\Users\usuario\Documents\NetBeansProjects\PruebaApiSwagger)
2022-02-21 09:21:53,074 INFO org.springframework.boot.SpringApplication [main] No active profile set, falling back to default profiles: default
2022-02-21 09:21:53,937 INFO org.springframework.data.repository.config.RepositoryConfigurationDelegate [main] Bootstrapping Spring Data JPA repositories in DEFAULT mode.
2022-02-21 09:21:54,022 INFO org.springframework.data.repository.config.RepositoryConfigurationDelegate [main] Finished Spring Data repository scanning in 62 ms. Found 1 JPA repository interfaces.
2022-02-21 09:21:54,694 INFO org.springframework.boot.web.embedded.tomcat.TomcatWebServer [main] Tomcat initialized with port(s): 8081 (http)
2022-02-21 09:21:54,709 INFO org.apache.juli.logging.DirectJDKLog [main] Initializing ProtocolHandler ["http-nio-8081"]
2022-02-21 09:21:54,710 INFO org.apache.juli.logging.DirectJDKLog [main] Starting service [Tomcat]
2022-02-21 09:21:54,710 INFO org.apache.juli.logging.DirectJDKLog [main] Starting Servlet engine: [Apache Tomcat/9.0.43]
2022-02-21 09:21:54,857 INFO org.apache.juli.logging.DirectJDKLog [main] Initializing Spring embedded WebApplicationContext
2022-02-21 09:21:54,857 INFO org.springframework.boot.web.servlet.context.ServletWebServerApplicationContext [main] Root WebApplicationContext: initialization completed in 1716 ms
2022-02-21 09:21:55,074 INFO org.hibernate.jpa.internal.util.LogHelper [main] HHH000204: Processing PersistenceUnitInfo [name: default]
2022-02-21 09:21:55,136 INFO org.hibernate.Version [main] HHH000412: Hibernate ORM core version 5.4.28.Final
2022-02-21 09:21:55,300 INFO org.hibernate.annotations.common.reflection.java.JavaReflectionManager [main] HCANN000001: Hibernate Commons Annotations {5.1.2.Final}
2022-02-21 09:21:55,419 INFO com.zaxxer.hikari.HikariDataSource [main] HikariPool-1 - Starting...
2022-02-21 09:21:55,769 INFO com.zaxxer.hikari.HikariDataSource [main] HikariPool-1 - Start completed.
2022-02-21 09:21:55,802 INFO org.hibernate.dialect.Dialect [main] HHH000400: Using dialect: org.hibernate.dialect.MySQL8Dialect
2022-02-21 09:21:56,657 INFO org.hibernate.engine.transaction.jta.platform.internal.JtaPlatformInitiator [main] HHH000490: Using JtaPlatform implementation: [org.hibernate.engine.transaction.jta.platform.internal.NoJtaPlatform]
2022-02-21 09:21:56,667 INFO org.springframework.orm.jpa.AbstractEntityManagerFactoryBean [main] Initialized JPA EntityManagerFactory for persistence unit 'default'
2022-02-21 09:21:57,114 WARN org.springframework.boot.autoconfigure.orm.jpa.JpaBaseConfiguration$JpaWebConfiguration [main] spring.jpa.open-in-view is enabled by default. Therefore, database queries may be performed during view rendering. Explicitly configure spring.jpa.open-in-view to disable this warning
2022-02-21 09:21:57,208 INFO org.springframework.scheduling.concurrent.ExecutorConfigurationSupport [main] Initializing ExecutorService 'applicationTaskExecutor'
2022-02-21 09:21:58,047 WARN org.springframework.boot.autoconfigure.thymeleaf.ThymeleafAutoConfiguration$DefaultTemplateResolverConfiguration [main] Cannot find template location: classpath:/templates/ (please add some templates or check your Thymeleaf configuration)
2022-02-21 09:21:58,194 INFO org.apache.juli.logging.DirectJDKLog [main] Starting ProtocolHandler ["http-nio-8081"]
2022-02-21 09:21:58,211 INFO org.springframework.boot.web.embedded.tomcat.TomcatWebServer [main] Tomcat started on port(s): 8081 (http) with context path ''
2022-02-21 09:21:58,227 INFO org.springframework.boot.StartupInfoLogger [main] Started MyshopApplication in 5.631 seconds (JVM running for 6.006)
